<?xml version="1.0" encoding="UTF-8"?>
<!-- Generated by org.testng.reporters.JUnitReportReporter -->
<testsuite hostname="DESKTOP-010O0L9" failures="0" tests="1" name="Recaudador.Registro_Vehicular.NewTest" time="20.732" errors="0" timestamp="05 jun 2018 02:23:04 GMT+00:00" skipped="0">
  <testcase classname="Recaudador.Registro_Vehicular.NewTest" name="demo_test" time="20.732"/>
</testsuite> <!-- Recaudador.Registro_Vehicular.NewTest -->
