<?xml version="1.0" encoding="UTF-8"?>
<!-- Generated by org.testng.reporters.JUnitReportReporter -->
<testsuite hostname="DESKTOP-010O0L9" failures="0" tests="1" name="Recaudador.Registro_Vehicular.ConsultaProceso" time="17.568" errors="0" timestamp="05 jun 2018 03:53:49 GMT+00:00" skipped="0">
  <testcase classname="Recaudador.Registro_Vehicular.ConsultaProceso" name="consultaProcesoActivo" time="17.568"/>
</testsuite> <!-- Recaudador.Registro_Vehicular.ConsultaProceso -->
